{"total": {"lines":{"total":173,"covered":137,"skipped":0,"pct":79.19},"statements":{"total":175,"covered":139,"skipped":0,"pct":79.42},"functions":{"total":31,"covered":26,"skipped":0,"pct":83.87},"branches":{"total":89,"covered":66,"skipped":0,"pct":74.15},"branchesTrue":{"total":0,"covered":0,"skipped":0,"pct":100}}
,"/Users/lichuansong/Desktop/wlbj_ Release/wlbj/middleware/auth.js": {"lines":{"total":46,"covered":46,"skipped":0,"pct":100},"functions":{"total":6,"covered":6,"skipped":0,"pct":100},"statements":{"total":46,"covered":46,"skipped":0,"pct":100},"branches":{"total":27,"covered":25,"skipped":0,"pct":92.59}}
,"/Users/lichuansong/Desktop/wlbj_ Release/wlbj/utils/auth.js": {"lines":{"total":60,"covered":33,"skipped":0,"pct":55},"functions":{"total":16,"covered":11,"skipped":0,"pct":68.75},"statements":{"total":62,"covered":35,"skipped":0,"pct":56.45},"branches":{"total":22,"covered":7,"skipped":0,"pct":31.81}}
,"/Users/lichuansong/Desktop/wlbj_ Release/wlbj/utils/encryption.js": {"lines":{"total":67,"covered":58,"skipped":0,"pct":86.56},"functions":{"total":9,"covered":9,"skipped":0,"pct":100},"statements":{"total":67,"covered":58,"skipped":0,"pct":86.56},"branches":{"total":40,"covered":34,"skipped":0,"pct":85}}
}
