TN:
SF:middleware/auth.js
FN:11,authenticateToken
FN:41,requireRole
FN:42,(anonymous_2)
FN:65,optionalAuth
FN:87,requireOwnership
FN:115,extractTokenFromHeader
FNF:6
FNH:6
FNDA:5,authenticateToken
FNDA:5,requireRole
FNDA:5,(anonymous_2)
FNDA:3,optionalAuth
FNDA:4,requireOwnership
FNDA:8,extractTokenFromHeader
DA:5,1
DA:6,1
DA:12,5
DA:13,5
DA:15,5
DA:16,2
DA:21,3
DA:22,3
DA:23,1
DA:24,1
DA:26,2
DA:27,1
DA:31,1
DA:42,5
DA:43,5
DA:44,1
DA:49,4
DA:50,4
DA:52,4
DA:53,2
DA:55,2
DA:66,3
DA:67,3
DA:69,3
DA:70,2
DA:71,2
DA:72,1
DA:75,1
DA:78,1
DA:81,3
DA:88,4
DA:89,1
DA:95,3
DA:96,1
DA:100,2
DA:101,2
DA:103,2
DA:104,1
DA:106,1
DA:116,8
DA:117,2
DA:120,6
DA:121,6
DA:122,1
DA:125,5
DA:128,1
LF:46
LH:46
BRDA:15,0,0,2
BRDA:15,0,1,3
BRDA:26,1,0,1
BRDA:26,1,1,1
BRDA:43,2,0,1
BRDA:43,2,1,4
BRDA:50,3,0,2
BRDA:50,3,1,2
BRDA:52,4,0,2
BRDA:52,4,1,2
BRDA:69,5,0,2
BRDA:69,5,1,1
BRDA:88,6,0,1
BRDA:88,6,1,3
BRDA:95,7,0,1
BRDA:95,7,1,2
BRDA:101,8,0,2
BRDA:101,8,1,0
BRDA:101,8,2,0
BRDA:103,9,0,1
BRDA:103,9,1,1
BRDA:116,10,0,2
BRDA:116,10,1,6
BRDA:121,11,0,1
BRDA:121,11,1,5
BRDA:121,12,0,6
BRDA:121,12,1,5
BRF:27
BRH:25
end_of_record
TN:
SF:utils/auth.js
FN:60,generateAccessToken
FN:65,generateRefreshToken
FN:70,verifyToken
FN:84,hashPassword
FN:90,verifyPassword
FN:95,hasPermission
FN:101,hasAnyPermission
FN:103,(anonymous_7)
FN:107,hasAllPermissions
FN:109,(anonymous_9)
FN:113,authenticateToken
FN:134,requirePermission
FN:135,(anonymous_12)
FN:155,requireRole
FN:156,(anonymous_14)
FN:176,refreshAccessToken
FNF:16
FNH:11
FNDA:3,generateAccessToken
FNDA:1,generateRefreshToken
FNDA:5,verifyToken
FNDA:7,hashPassword
FNDA:3,verifyPassword
FNDA:5,hasPermission
FNDA:2,hasAnyPermission
FNDA:3,(anonymous_7)
FNDA:2,hasAllPermissions
FNDA:4,(anonymous_9)
FNDA:0,authenticateToken
FNDA:0,requirePermission
FNDA:0,(anonymous_12)
FNDA:0,requireRole
FNDA:0,(anonymous_14)
FNDA:2,refreshAccessToken
DA:1,2
DA:2,2
DA:3,2
DA:4,2
DA:7,2
DA:8,2
DA:9,2
DA:12,2
DA:19,2
DA:40,2
DA:61,3
DA:66,1
DA:71,5
DA:72,5
DA:74,3
DA:75,1
DA:76,2
DA:77,0
DA:79,2
DA:85,7
DA:86,7
DA:91,3
DA:96,5
DA:97,5
DA:102,2
DA:103,3
DA:108,2
DA:109,4
DA:114,0
DA:115,0
DA:117,0
DA:118,0
DA:119,0
DA:122,0
DA:123,0
DA:124,0
DA:125,0
DA:126,0
DA:128,0
DA:129,0
DA:135,0
DA:136,0
DA:137,0
DA:140,0
DA:141,0
DA:143,0
DA:149,0
DA:156,0
DA:157,0
DA:158,0
DA:161,0
DA:162,0
DA:164,0
DA:170,0
DA:177,2
DA:178,2
DA:180,1
DA:185,1
DA:187,1
DA:191,2
LF:60
LH:33
BRDA:74,0,0,1
BRDA:74,0,1,2
BRDA:76,1,0,0
BRDA:76,1,1,2
BRDA:96,2,0,5
BRDA:96,2,1,1
BRDA:102,3,0,2
BRDA:102,3,1,0
BRDA:108,4,0,2
BRDA:108,4,1,0
BRDA:115,5,0,0
BRDA:115,5,1,0
BRDA:117,6,0,0
BRDA:117,6,1,0
BRDA:136,7,0,0
BRDA:136,7,1,0
BRDA:140,8,0,0
BRDA:140,8,1,0
BRDA:157,9,0,0
BRDA:157,9,1,0
BRDA:161,10,0,0
BRDA:161,10,1,0
BRF:22
BRH:7
end_of_record
TN:
SF:utils/encryption.js
FN:17,getEncryptionKey
FN:37,encrypt
FN:66,decrypt
FN:103,isEncrypted
FN:128,generateEncryptionKey
FN:138,encryptSensitiveFields
FN:145,(anonymous_6)
FN:163,decryptSensitiveFields
FN:170,(anonymous_8)
FNF:9
FNH:9
FNDA:18,getEncryptionKey
FNDA:15,encrypt
FNDA:8,decrypt
FNDA:8,isEncrypted
FNDA:3,generateEncryptionKey
FNDA:4,encryptSensitiveFields
FNDA:6,(anonymous_6)
FNDA:3,decryptSensitiveFields
FNDA:4,(anonymous_8)
DA:8,1
DA:9,1
DA:12,1
DA:13,1
DA:14,1
DA:19,18
DA:20,0
DA:21,0
DA:22,0
DA:24,0
DA:28,18
DA:29,18
DA:38,15
DA:39,2
DA:42,13
DA:43,13
DA:44,13
DA:45,13
DA:47,13
DA:48,13
DA:51,13
DA:53,0
DA:57,0
DA:67,8
DA:68,1
DA:71,7
DA:72,7
DA:73,7
DA:75,2
DA:78,5
DA:79,5
DA:81,5
DA:82,5
DA:84,5
DA:85,5
DA:87,5
DA:89,0
DA:94,0
DA:104,8
DA:105,2
DA:109,6
DA:110,6
DA:111,5
DA:115,1
DA:116,1
DA:118,1
DA:120,0
DA:129,3
DA:139,4
DA:140,1
DA:143,3
DA:145,3
DA:146,6
DA:147,4
DA:148,4
DA:149,4
DA:154,3
DA:164,3
DA:165,1
DA:168,2
DA:170,2
DA:171,4
DA:172,2
DA:173,2
DA:174,2
DA:179,2
DA:182,1
LF:67
LH:58
BRDA:19,0,0,0
BRDA:19,0,1,18
BRDA:21,1,0,0
BRDA:21,1,1,0
BRDA:28,2,0,18
BRDA:28,2,1,0
BRDA:38,3,0,2
BRDA:38,3,1,13
BRDA:38,4,0,15
BRDA:38,4,1,13
BRDA:67,5,0,1
BRDA:67,5,1,7
BRDA:67,6,0,8
BRDA:67,6,1,7
BRDA:73,7,0,2
BRDA:73,7,1,5
BRDA:104,8,0,2
BRDA:104,8,1,6
BRDA:104,9,0,8
BRDA:104,9,1,6
BRDA:110,10,0,5
BRDA:110,10,1,1
BRDA:139,11,0,1
BRDA:139,11,1,3
BRDA:139,12,0,4
BRDA:139,12,1,3
BRDA:146,13,0,4
BRDA:146,13,1,2
BRDA:146,14,0,6
BRDA:146,14,1,4
BRDA:148,15,0,4
BRDA:148,15,1,0
BRDA:164,16,0,1
BRDA:164,16,1,2
BRDA:164,17,0,3
BRDA:164,17,1,2
BRDA:171,18,0,2
BRDA:171,18,1,2
BRDA:173,19,0,2
BRDA:173,19,1,0
BRF:40
BRH:34
end_of_record
